<?xml version="1.0" encoding="UTF-8"?>
<testng-results skipped="0" failed="0" ignored="0" total="1" passed="1">
  <reporter-output>
  </reporter-output>
  <suite name="homepage" duration-ms="48126" started-at="2020-07-29T19:16:19Z" finished-at="2020-07-29T19:17:07Z">
    <groups>
    </groups>
    <test name="UICheck" duration-ms="48126" started-at="2020-07-29T19:16:19Z" finished-at="2020-07-29T19:17:07Z">
      <class name="sovimal.olymicid.tests.Olymicid_HomePageTest">
        <test-method status="PASS" signature="setPropery()[pri:0, instance:sovimal.olymicid.tests.Olymicid_HomePageTest@64616ca2]" name="setPropery" is-config="true" duration-ms="35" started-at="2020-07-29T19:16:19Z" finished-at="2020-07-29T19:16:19Z">
          <reporter-output>
          </reporter-output>
        </test-method> <!-- setPropery -->
        <test-method status="PASS" signature="gotoUrl()[pri:0, instance:sovimal.olymicid.tests.Olymicid_HomePageTest@64616ca2]" name="gotoUrl" is-config="true" duration-ms="36772" started-at="2020-07-29T19:16:19Z" finished-at="2020-07-29T19:16:56Z">
          <reporter-output>
          </reporter-output>
        </test-method> <!-- gotoUrl -->
        <test-method status="PASS" signature="verifyEmailID()[pri:0, instance:sovimal.olymicid.tests.Olymicid_HomePageTest@64616ca2]" name="verifyEmailID" duration-ms="6958" started-at="2020-07-29T19:16:56Z" finished-at="2020-07-29T19:17:03Z">
          <reporter-output>
          </reporter-output>
        </test-method> <!-- verifyEmailID -->
        <test-method status="PASS" signature="browserName()[pri:0, instance:sovimal.olymicid.tests.Olymicid_HomePageTest@64616ca2]" name="browserName" is-config="true" duration-ms="4356" started-at="2020-07-29T19:17:03Z" finished-at="2020-07-29T19:17:07Z">
          <reporter-output>
          </reporter-output>
        </test-method> <!-- browserName -->
        <test-method status="PASS" signature="killinstance()[pri:0, instance:sovimal.olymicid.tests.Olymicid_HomePageTest@64616ca2]" name="killinstance" is-config="true" duration-ms="1535" started-at="2020-07-29T19:17:07Z" finished-at="2020-07-29T19:17:09Z">
          <reporter-output>
          </reporter-output>
        </test-method> <!-- killinstance -->
      </class> <!-- sovimal.olymicid.tests.Olymicid_HomePageTest -->
    </test> <!-- UICheck -->
  </suite> <!-- homepage -->
</testng-results>
