<?xml version="1.0" encoding="UTF-8"?>
<testng-results skipped="0" failed="0" ignored="0" total="1" passed="1">
  <reporter-output>
  </reporter-output>
  <suite name="homepage" duration-ms="31418" started-at="2020-07-28T20:30:49Z" finished-at="2020-07-28T20:31:20Z">
    <groups>
    </groups>
    <test name="UICheck" duration-ms="31418" started-at="2020-07-28T20:30:49Z" finished-at="2020-07-28T20:31:20Z">
      <class name="sovimal.olymicid.tests.Olymicid_HomePageTest">
        <test-method status="PASS" signature="setPropery()[pri:0, instance:sovimal.olymicid.tests.Olymicid_HomePageTest@5e3a8624]" name="setPropery" is-config="true" duration-ms="46" started-at="2020-07-28T20:30:49Z" finished-at="2020-07-28T20:30:49Z">
          <reporter-output>
          </reporter-output>
        </test-method> <!-- setPropery -->
        <test-method status="PASS" signature="gotoUrl()[pri:0, instance:sovimal.olymicid.tests.Olymicid_HomePageTest@5e3a8624]" name="gotoUrl" is-config="true" duration-ms="26409" started-at="2020-07-28T20:30:49Z" finished-at="2020-07-28T20:31:15Z">
          <reporter-output>
          </reporter-output>
        </test-method> <!-- gotoUrl -->
        <test-method status="PASS" signature="verifyEmailID()[pri:0, instance:sovimal.olymicid.tests.Olymicid_HomePageTest@5e3a8624]" name="verifyEmailID" duration-ms="1335" started-at="2020-07-28T20:31:15Z" finished-at="2020-07-28T20:31:17Z">
          <reporter-output>
          </reporter-output>
        </test-method> <!-- verifyEmailID -->
        <test-method status="PASS" signature="browserName()[pri:0, instance:sovimal.olymicid.tests.Olymicid_HomePageTest@5e3a8624]" name="browserName" is-config="true" duration-ms="3610" started-at="2020-07-28T20:31:17Z" finished-at="2020-07-28T20:31:20Z">
          <reporter-output>
          </reporter-output>
        </test-method> <!-- browserName -->
        <test-method status="PASS" signature="killinstance()[pri:0, instance:sovimal.olymicid.tests.Olymicid_HomePageTest@5e3a8624]" name="killinstance" is-config="true" duration-ms="1540" started-at="2020-07-28T20:31:21Z" finished-at="2020-07-28T20:31:22Z">
          <reporter-output>
          </reporter-output>
        </test-method> <!-- killinstance -->
      </class> <!-- sovimal.olymicid.tests.Olymicid_HomePageTest -->
    </test> <!-- UICheck -->
  </suite> <!-- homepage -->
</testng-results>
